<?xml version="1.0" encoding="UTF-8"?>
<testng-results ignored="0" total="2" passed="2" failed="0" skipped="0">
  <reporter-output>
  </reporter-output>
  <suite started-at="2022-08-16T21:24:18 IST" name="Default suite" finished-at="2022-08-16T21:24:28 IST" duration-ms="9860">
    <groups>
    </groups>
    <test started-at="2022-08-16T21:24:18 IST" name="Default test" finished-at="2022-08-16T21:24:28 IST" duration-ms="9860">
      <class name="miniProject.FacebookLogin">
        <test-method signature="enterUserDetails()[pri:1, instance:miniProject.FacebookLogin@29215f06]" started-at="2022-08-16T21:24:18 IST" name="enterUserDetails" finished-at="2022-08-16T21:24:22 IST" duration-ms="3537" status="PASS">
          <reporter-output>
          </reporter-output>
        </test-method> <!-- enterUserDetails -->
        <test-method signature="forgotPassowrd()[pri:2, instance:miniProject.FacebookLogin@29215f06]" started-at="2022-08-16T21:24:22 IST" name="forgotPassowrd" finished-at="2022-08-16T21:24:28 IST" duration-ms="6290" status="PASS">
          <reporter-output>
          </reporter-output>
        </test-method> <!-- forgotPassowrd -->
      </class> <!-- miniProject.FacebookLogin -->
    </test> <!-- Default test -->
  </suite> <!-- Default suite -->
</testng-results>
